<?xml version="1.0" encoding="UTF-8"?>
<testng-results ignored="0" total="1" passed="1" failed="0" skipped="0">
  <reporter-output>
  </reporter-output>
  <suite started-at="2026-01-14T15:44:29 IST" name="Default suite" finished-at="2026-01-14T15:44:46 IST" duration-ms="17232">
    <groups>
    </groups>
    <test started-at="2026-01-14T15:44:29 IST" name="Default test" finished-at="2026-01-14T15:44:46 IST" duration-ms="17232">
      <class name="tests.CreateJC">
        <test-method is-config="true" signature="setup()[pri:0, instance:tests.CreateJC@1a677343]" started-at="2026-01-14T15:44:29 IST" name="setup" finished-at="2026-01-14T15:44:33 IST" duration-ms="4126" status="PASS">
          <reporter-output>
          </reporter-output>
        </test-method> <!-- setup -->
        <test-method signature="verifyLoginAndCreateJobCard()[pri:0, instance:tests.CreateJC@1a677343]" started-at="2026-01-14T15:44:33 IST" name="verifyLoginAndCreateJobCard" finished-at="2026-01-14T15:44:46 IST" duration-ms="12776" status="PASS">
          <reporter-output>
          </reporter-output>
        </test-method> <!-- verifyLoginAndCreateJobCard -->
        <test-method is-config="true" signature="tearDown()[pri:0, instance:tests.CreateJC@1a677343]" started-at="2026-01-14T15:44:46 IST" name="tearDown" finished-at="2026-01-14T15:44:46 IST" duration-ms="284" status="PASS">
          <reporter-output>
          </reporter-output>
        </test-method> <!-- tearDown -->
      </class> <!-- tests.CreateJC -->
    </test> <!-- Default test -->
  </suite> <!-- Default suite -->
</testng-results>
