<?xml version="1.0" encoding="UTF-8"?>
<!-- Generated by org.testng.reporters.JUnitReportReporter -->
<testsuite hostname="ESPL-0223-9" failures="0" tests="1" name="tests.Appointment" time="1.201" errors="1" timestamp="2025-12-19T17:53:20 IST" skipped="0">
  <testcase classname="tests.Appointment" name="verifyLoginAndCreateAppointment" time="1.201">
    <error message="Error {
  message=&#039;Target page, context or browser has been closed
  name=&#039;TargetClosedError
  stack=&#039;TargetClosedError:Target page, context or browser has been closed
Error
    at captureRawStack (C:\Users\pankajb\AppData\Local\Temp\playwright-java-2646094269803135549\package\lib\utils\stackTrace.js:50:17)
    at LongStandingScope._race (C:\Users\pankajb\AppData\Local\Temp\playwright-java-2646094269803135549\package\lib\utils\manualPromise.js:91:52)
    at LongStandingScope.race (C:\Users\pankajb\AppData\Local\Temp\playwright-java-2646094269803135549\package\lib\utils\manualPromise.js:84:17)
    at FrameDispatcher._handleCommand (C:\Users\pankajb\AppData\Local\Temp\playwright-java-2646094269803135549\package\lib\server\dispatchers\dispatcher.js:96:36)
    at DispatcherConnection.dispatch (C:\Users\pankajb\AppData\Local\Temp\playwright-java-2646094269803135549\package\lib\server\dispatchers\dispatcher.js:361:39)
}
Call log:
- navigating to &quot;https://qa-idms-v3-0.excellonconnect.com/&quot;, waiting until &quot;load&quot;
" type="com.microsoft.playwright.impl.TargetClosedError">
      <![CDATA[com.microsoft.playwright.impl.TargetClosedError: Error {
  message='Target page, context or browser has been closed
  name='TargetClosedError
  stack='TargetClosedError:Target page, context or browser has been closed
Error
    at captureRawStack (C:\Users\pankajb\AppData\Local\Temp\playwright-java-2646094269803135549\package\lib\utils\stackTrace.js:50:17)
    at LongStandingScope._race (C:\Users\pankajb\AppData\Local\Temp\playwright-java-2646094269803135549\package\lib\utils\manualPromise.js:91:52)
    at LongStandingScope.race (C:\Users\pankajb\AppData\Local\Temp\playwright-java-2646094269803135549\package\lib\utils\manualPromise.js:84:17)
    at FrameDispatcher._handleCommand (C:\Users\pankajb\AppData\Local\Temp\playwright-java-2646094269803135549\package\lib\server\dispatchers\dispatcher.js:96:36)
    at DispatcherConnection.dispatch (C:\Users\pankajb\AppData\Local\Temp\playwright-java-2646094269803135549\package\lib\server\dispatchers\dispatcher.js:361:39)
}
Call log:
- navigating to "https://qa-idms-v3-0.excellonconnect.com/", waiting until "load"

at com.microsoft.playwright.impl.WaitableResult.get(WaitableResult.java:54)
at com.microsoft.playwright.impl.ChannelOwner.runUntil(ChannelOwner.java:120)
at com.microsoft.playwright.impl.Connection.sendMessage(Connection.java:130)
at com.microsoft.playwright.impl.ChannelOwner.sendMessage(ChannelOwner.java:106)
at com.microsoft.playwright.impl.FrameImpl.navigateImpl(FrameImpl.java:463)
at com.microsoft.playwright.impl.PageImpl.lambda$navigate$46(PageImpl.java:870)
at com.microsoft.playwright.impl.LoggingSupport.withLogging(LoggingSupport.java:47)
at com.microsoft.playwright.impl.ChannelOwner.withLogging(ChannelOwner.java:89)
at com.microsoft.playwright.impl.PageImpl.navigate(PageImpl.java:870)
at com.microsoft.playwright.impl.PageImpl.navigate(PageImpl.java:42)
at com.microsoft.playwright.Page.navigate(Page.java:5490)
at pages.LoginPage.openUrl(LoginPage.java:25)
at tests.Appointment.verifyLoginAndCreateAppointment(Appointment.java:14)
at java.base/jdk.internal.reflect.DirectMethodHandleAccessor.invoke(DirectMethodHandleAccessor.java:103)
at java.base/java.lang.reflect.Method.invoke(Method.java:580)
at org.testng.internal.invokers.MethodInvocationHelper.invokeMethod(MethodInvocationHelper.java:141)
at org.testng.internal.invokers.TestInvoker.invokeMethod(TestInvoker.java:687)
at org.testng.internal.invokers.TestInvoker.invokeTestMethod(TestInvoker.java:230)
at org.testng.internal.invokers.MethodRunner.runInSequence(MethodRunner.java:63)
at org.testng.internal.invokers.TestInvoker$MethodInvocationAgent.invoke(TestInvoker.java:995)
at org.testng.internal.invokers.TestInvoker.invokeTestMethods(TestInvoker.java:203)
at org.testng.internal.invokers.TestMethodWorker.invokeTestMethods(TestMethodWorker.java:154)
at org.testng.internal.invokers.TestMethodWorker.run(TestMethodWorker.java:134)
at java.base/java.util.ArrayList.forEach(ArrayList.java:1596)
at org.testng.TestRunner.privateRun(TestRunner.java:741)
at org.testng.TestRunner.run(TestRunner.java:616)
at org.testng.SuiteRunner.runTest(SuiteRunner.java:421)
at org.testng.SuiteRunner.runSequentially(SuiteRunner.java:413)
at org.testng.SuiteRunner.privateRun(SuiteRunner.java:373)
at org.testng.SuiteRunner.run(SuiteRunner.java:312)
at org.testng.SuiteRunnerWorker.runSuite(SuiteRunnerWorker.java:52)
at org.testng.SuiteRunnerWorker.run(SuiteRunnerWorker.java:95)
at org.testng.TestNG.runSuitesSequentially(TestNG.java:1274)
at org.testng.TestNG.runSuitesLocally(TestNG.java:1208)
at org.testng.TestNG.runSuites(TestNG.java:1112)
at org.testng.TestNG.run(TestNG.java:1079)
at org.testng.remote.AbstractRemoteTestNG.run(AbstractRemoteTestNG.java:115)
at org.testng.remote.RemoteTestNG.initAndRun(RemoteTestNG.java:293)
at org.testng.remote.RemoteTestNG.main(RemoteTestNG.java:91)
Caused by: com.microsoft.playwright.impl.TargetClosedError: Error {
  message='Target page, context or browser has been closed
  name='TargetClosedError
  stack='TargetClosedError:Target page, context or browser has been closed
Error
    at captureRawStack (C:\Users\pankajb\AppData\Local\Temp\playwright-java-2646094269803135549\package\lib\utils\stackTrace.js:50:17)
    at LongStandingScope._race (C:\Users\pankajb\AppData\Local\Temp\playwright-java-2646094269803135549\package\lib\utils\manualPromise.js:91:52)
    at LongStandingScope.race (C:\Users\pankajb\AppData\Local\Temp\playwright-java-2646094269803135549\package\lib\utils\manualPromise.js:84:17)
    at FrameDispatcher._handleCommand (C:\Users\pankajb\AppData\Local\Temp\playwright-java-2646094269803135549\package\lib\server\dispatchers\dispatcher.js:96:36)
    at DispatcherConnection.dispatch (C:\Users\pankajb\AppData\Local\Temp\playwright-java-2646094269803135549\package\lib\server\dispatchers\dispatcher.js:361:39)
}
Call log:
- navigating to "https://qa-idms-v3-0.excellonconnect.com/", waiting until "load"

at com.microsoft.playwright.impl.Connection.dispatch(Connection.java:256)
at com.microsoft.playwright.impl.Connection.processOneMessage(Connection.java:211)
at com.microsoft.playwright.impl.ChannelOwner.runUntil(ChannelOwner.java:118)
... 37 more
]]>
    </error>
  </testcase> <!-- verifyLoginAndCreateAppointment -->
</testsuite> <!-- tests.Appointment -->
