<?xml version="1.0" encoding="UTF-8"?>
<!-- Generated by org.testng.reporters.JUnitReportReporter -->
<testsuite hostname="ESPL-0223-9" failures="0" tests="4" name="TNG.SkipAnnotation" time="0.015" errors="0" timestamp="2026-01-13T13:09:20 IST" skipped="3">
  <testcase classname="TNG.SkipAnnotation" name="Skipexception" time="0.008">
    <skipped/>
  </testcase> <!-- Skipexception -->
  <testcase classname="TNG.SkipAnnotation" name="TC1" time="0.007"/>
  <testcase classname="TNG.SkipAnnotation" name="TC2">
    <skipped/>
  </testcase> <!-- TC2 -->
  <testcase classname="TNG.SkipAnnotation" name="skipmethod">
    <skipped/>
  </testcase> <!-- skipmethod -->
</testsuite> <!-- TNG.SkipAnnotation -->
